The system is: Windows - 10.0.18362 - AMD64
Compiling the CXX compiler identification source file "CMakeCXXCompilerId.cpp" succeeded.
Compiler: C:/Program Files (x86)/Microsoft Visual Studio/2017/Enterprise/VC/Tools/MSVC/14.16.27023/bin/Hostx86/x86/cl.exe 
Build flags: 
Id flags:  

The output was:
0
Microsoft (R) C/C++ Optimizing Compiler Version 19.16.27034 for x86
Copyright (C) Microsoft Corporation.  All rights reserved.

CMakeCXXCompilerId.cpp
Microsoft (R) Incremental Linker Version 14.16.27034.0
Copyright (C) Microsoft Corporation.  All rights reserved.

/out:CMakeCXXCompilerId.exe 
CMakeCXXCompilerId.obj 


Compilation of the CXX compiler identification source "CMakeCXXCompilerId.cpp" produced "CMakeCXXCompilerId.exe"

Compilation of the CXX compiler identification source "CMakeCXXCompilerId.cpp" produced "CMakeCXXCompilerId.obj"

The CXX compiler identification is MSVC, found in "C:/Users/arang/source/repos/mqtt_test/build/CMakeFiles/3.16.0-rc2/CompilerIdCXX/CMakeCXXCompilerId.exe"

Determining if the CXX compiler works passed with the following output:
Change Dir: C:/Users/arang/source/repos/mqtt_test/build/CMakeFiles/CMakeTmp

Run Build Command(s):C:/PROGRA~2/MICROS~2/2017/ENTERP~1/Common7/IDE/COMMON~1/MICROS~1/CMake/Ninja/ninja.exe cmTC_408a0 && [1/2] Building CXX object CMakeFiles\cmTC_408a0.dir\testCXXCompiler.cxx.obj
[2/2] Linking CXX executable cmTC_408a0.exe



Detecting CXX compiler ABI info compiled with the following output:
Change Dir: C:/Users/arang/source/repos/mqtt_test/build/CMakeFiles/CMakeTmp

Run Build Command(s):C:/PROGRA~2/MICROS~2/2017/ENTERP~1/Common7/IDE/COMMON~1/MICROS~1/CMake/Ninja/ninja.exe cmTC_a9dd5 && [1/2] Building CXX object CMakeFiles\cmTC_a9dd5.dir\CMakeCXXCompilerABI.cpp.obj
[2/2] Linking CXX executable cmTC_a9dd5.exe



